<?xml version="1.0" encoding="UTF-8"?>
<!-- Generated by org.testng.reporters.JUnitXMLReporter -->
<testsuite ignored="0" hostname="appinventiv-Latitude-3420" failures="0" tests="3" name="Default test" time="44.336" errors="0" timestamp="2024-07-08T13:04:36 IST">
  <testcase classname="test_ng.LoginTest" name="unsuccessfulLoginTest" time="18.547"/>
  <testcase classname="test_ng.LoginTest" name="unsuccessfulLoginCase" time="12.308"/>
  <testcase classname="test_ng.LoginTest" name="successfulLoginTest" time="12.309"/>
</testsuite> <!-- Default test -->
