<?xml version="1.0" encoding="UTF-8"?>
<!-- Generated by org.testng.reporters.JUnitXMLReporter -->
<testsuite ignored="0" hostname="appinventiv-Latitude-3420" failures="0" tests="3" name="Default test" time="41.004" errors="0" timestamp="2024-04-30T16:05:42 IST">
  <testcase classname="test_ng.LoginTest" name="unsuccessfulLoginTest" time="14.896"/>
  <testcase classname="test_ng.LoginTest" name="unsuccessfulLoginCase" time="12.36"/>
  <testcase classname="test_ng.LoginTest" name="successfulLoginTest" time="12.344"/>
</testsuite> <!-- Default test -->
