<?xml version="1.0" encoding="UTF-8"?>
<!-- Generated by org.testng.reporters.JUnitXMLReporter -->
<testsuite ignored="0" hostname="appinventiv-Latitude-3420" failures="0" tests="4" name="Test" time="41.12" errors="0" timestamp="2024-07-09T10:27:56 IST">
  <testcase classname="test_ng.LoginTest" name="unsuccessfulLoginTest" time="15.429"/>
  <testcase classname="test_ng.LoginTest" name="unsuccessfulLoginCase" time="12.313"/>
  <testcase classname="test_ng.LoginTest" name="successfulLoginTest" time="12.301"/>
  <testcase classname="test_ng.CheckDetails" name="details" time="0.002"/>
</testsuite> <!-- Test -->
