<?xml version="1.0" encoding="UTF-8"?>
<testng-results ignored="0" total="3" passed="3" failed="0" skipped="0">
  <reporter-output>
  </reporter-output>
  <suite started-at="2024-04-24T15:09:13 IST" name="Default suite" finished-at="2024-04-24T15:09:55 IST" duration-ms="42140">
    <groups>
    </groups>
    <test started-at="2024-04-24T15:09:13 IST" name="Default test" finished-at="2024-04-24T15:09:55 IST" duration-ms="42140">
      <class name="test_ng.LoginTest">
        <test-method is-config="true" signature="setUp()[pri:0, instance:test_ng.LoginTest@59d016c9]" started-at="2024-04-24T15:09:13 IST" name="setUp" finished-at="2024-04-24T15:09:14 IST" duration-ms="1081" status="PASS">
          <reporter-output>
          </reporter-output>
        </test-method> <!-- setUp -->
        <test-method signature="unsuccessfulLoginTest()[pri:1, instance:test_ng.LoginTest@59d016c9]" started-at="2024-04-24T15:09:14 IST" name="unsuccessfulLoginTest" finished-at="2024-04-24T15:09:30 IST" duration-ms="16345" status="PASS">
          <reporter-output>
          </reporter-output>
        </test-method> <!-- unsuccessfulLoginTest -->
        <test-method signature="unsuccessfulLoginCase()[pri:2, instance:test_ng.LoginTest@59d016c9]" started-at="2024-04-24T15:09:30 IST" name="unsuccessfulLoginCase" finished-at="2024-04-24T15:09:43 IST" duration-ms="12364" status="PASS">
          <reporter-output>
          </reporter-output>
        </test-method> <!-- unsuccessfulLoginCase -->
        <test-method signature="successfulLoginTest()[pri:3, instance:test_ng.LoginTest@59d016c9]" started-at="2024-04-24T15:09:43 IST" name="successfulLoginTest" finished-at="2024-04-24T15:09:55 IST" duration-ms="12313" status="PASS">
          <reporter-output>
          </reporter-output>
        </test-method> <!-- successfulLoginTest -->
      </class> <!-- test_ng.LoginTest -->
    </test> <!-- Default test -->
  </suite> <!-- Default suite -->
</testng-results>
