<?xml version="1.0" encoding="UTF-8"?>
<testng-results ignored="0" total="1" passed="1" failed="0" skipped="0">
  <reporter-output>
  </reporter-output>
  <suite started-at="2024-04-12T18:22:03 IST" name="Default suite" finished-at="2024-04-12T18:22:12 IST" duration-ms="9586">
    <groups>
    </groups>
    <test started-at="2024-04-12T18:22:03 IST" name="Default test" finished-at="2024-04-12T18:22:12 IST" duration-ms="9586">
      <class name="test_ng.NGTest">
        <test-method signature="testMethod()[pri:0, instance:test_ng.NGTest@77167fb7]" started-at="2024-04-12T18:22:03 IST" name="testMethod" finished-at="2024-04-12T18:22:12 IST" duration-ms="9562" status="PASS">
          <reporter-output>
          </reporter-output>
        </test-method> <!-- testMethod -->
      </class> <!-- test_ng.NGTest -->
    </test> <!-- Default test -->
  </suite> <!-- Default suite -->
</testng-results>
